<?xml version="1.0" encoding="UTF-8"?>
<!-- Generated by org.testng.reporters.JUnitReportReporter -->
<testsuite hostname="MWDH-Work2" failures="0" tests="1" name="ass2W10D1.ChromWebDriverAss2W10D1" time="4.681" errors="0" timestamp="2022-08-15T23:16:32 AST" skipped="0">
  <testcase classname="ass2W10D1.ChromWebDriverAss2W10D1" name="TestNG" time="4.681"/>
  <system-out/>
</testsuite> <!-- ass2W10D1.ChromWebDriverAss2W10D1 -->
